2023-03-20 18:26:11.266 [main] INFO  calculator.Calculator - [ADDITION] - 4.56 TO 2.34
2023-03-20 18:26:11.280 [main] INFO  calculator.Calculator - [RESULT - ADDITION] - 6.8999999999999995
2023-03-20 18:26:11.287 [main] INFO  calculator.Calculator - [ADDITION] - 3.45672 TO 9.0
2023-03-20 18:26:11.289 [main] INFO  calculator.Calculator - [RESULT - ADDITION] - 12.45672
2023-03-20 18:26:11.316 [main] INFO  calculator.Calculator - [ADDITION] - 4.0 TO 2.3221
2023-03-20 18:26:11.322 [main] INFO  calculator.Calculator - [RESULT - ADDITION] - 6.3221
2023-03-20 18:26:11.327 [main] INFO  calculator.Calculator - [ADDITION] - 3.0 TO 9.0
2023-03-20 18:26:11.338 [main] INFO  calculator.Calculator - [RESULT - ADDITION] - 12.0
2023-03-20 18:26:11.352 [main] INFO  calculator.Calculator - [SUBTRACTION] - 4.0 FROM 78.3221
2023-03-20 18:26:11.354 [main] INFO  calculator.Calculator - [RESULT - SUBTRACTION] - 74.3221
2023-03-20 18:26:11.362 [main] INFO  calculator.Calculator - [SUBTRACTION] - 1.0 FROM 9.0
2023-03-20 18:26:11.364 [main] INFO  calculator.Calculator - [RESULT - SUBTRACTION] - 8.0
2023-03-20 18:26:11.370 [main] INFO  calculator.Calculator - [SUBTRACTION] - 0.678 FROM 2.34
2023-03-20 18:26:11.371 [main] INFO  calculator.Calculator - [RESULT - SUBTRACTION] - 1.662
2023-03-20 18:26:11.377 [main] INFO  calculator.Calculator - [SUBTRACTION] - 3.45672 FROM 9.0
2023-03-20 18:26:11.394 [main] INFO  calculator.Calculator - [RESULT - SUBTRACTION] - 5.54328
2023-03-20 19:25:21.390 [main] INFO  calculator.Calculator - [ADDITION] - 4.56 TO 2.34
2023-03-20 19:25:21.400 [main] INFO  calculator.Calculator - [RESULT - ADDITION] - 6.8999999999999995
2023-03-20 19:25:21.403 [main] INFO  calculator.Calculator - [ADDITION] - 3.45672 TO 9.0
2023-03-20 19:25:21.426 [main] INFO  calculator.Calculator - [RESULT - ADDITION] - 12.45672
2023-03-20 19:25:21.441 [main] INFO  calculator.Calculator - [ADDITION] - 4.0 TO 2.3221
2023-03-20 19:25:21.460 [main] INFO  calculator.Calculator - [RESULT - ADDITION] - 6.3221
2023-03-20 19:25:21.478 [main] INFO  calculator.Calculator - [ADDITION] - 3.0 TO 9.0
2023-03-20 19:25:21.480 [main] INFO  calculator.Calculator - [RESULT - ADDITION] - 12.0
2023-03-20 19:25:21.515 [main] INFO  calculator.Calculator - [SUBTRACTION] - 4.0 FROM 78.3221
2023-03-20 19:25:21.522 [main] INFO  calculator.Calculator - [RESULT - SUBTRACTION] - 74.3221
2023-03-20 19:25:21.525 [main] INFO  calculator.Calculator - [SUBTRACTION] - 1.0 FROM 9.0
2023-03-20 19:25:21.527 [main] INFO  calculator.Calculator - [RESULT - SUBTRACTION] - 8.0
2023-03-20 19:25:21.542 [main] INFO  calculator.Calculator - [SUBTRACTION] - 0.678 FROM 2.34
2023-03-20 19:25:21.546 [main] INFO  calculator.Calculator - [RESULT - SUBTRACTION] - 1.662
2023-03-20 19:25:21.549 [main] INFO  calculator.Calculator - [SUBTRACTION] - 3.45672 FROM 9.0
2023-03-20 19:25:21.553 [main] INFO  calculator.Calculator - [RESULT - SUBTRACTION] - 5.54328
2023-03-20 22:01:00.423 [main] INFO  calculator.Calculator - [ADDITION] - 4.56 TO 2.34
2023-03-20 22:01:00.435 [main] INFO  calculator.Calculator - [RESULT - ADDITION] - 6.8999999999999995
2023-03-20 22:01:00.436 [main] INFO  calculator.Calculator - [ADDITION] - 3.45672 TO 9.0
2023-03-20 22:01:00.438 [main] INFO  calculator.Calculator - [RESULT - ADDITION] - 12.45672
2023-03-20 22:01:00.458 [main] INFO  calculator.Calculator - [ADDITION] - 4.0 TO 2.3221
2023-03-20 22:01:00.467 [main] INFO  calculator.Calculator - [RESULT - ADDITION] - 6.3221
2023-03-20 22:01:00.469 [main] INFO  calculator.Calculator - [ADDITION] - 3.0 TO 9.0
2023-03-20 22:01:00.471 [main] INFO  calculator.Calculator - [RESULT - ADDITION] - 12.0
2023-03-20 22:01:00.487 [main] INFO  calculator.Calculator - [SUBTRACTION] - 4.0 FROM 78.3221
2023-03-20 22:01:00.489 [main] INFO  calculator.Calculator - [RESULT - SUBTRACTION] - 74.3221
2023-03-20 22:01:00.492 [main] INFO  calculator.Calculator - [SUBTRACTION] - 1.0 FROM 9.0
2023-03-20 22:01:00.495 [main] INFO  calculator.Calculator - [RESULT - SUBTRACTION] - 8.0
2023-03-20 22:01:00.500 [main] INFO  calculator.Calculator - [SUBTRACTION] - 0.678 FROM 2.34
2023-03-20 22:01:00.502 [main] INFO  calculator.Calculator - [RESULT - SUBTRACTION] - 1.662
2023-03-20 22:01:00.503 [main] INFO  calculator.Calculator - [SUBTRACTION] - 3.45672 FROM 9.0
2023-03-20 22:01:00.504 [main] INFO  calculator.Calculator - [RESULT - SUBTRACTION] - 5.54328
2023-03-20 22:05:12.763 [main] INFO  calculator.Calculator - [ADDITION] - 4.56 TO 2.34
2023-03-20 22:05:12.783 [main] INFO  calculator.Calculator - [RESULT - ADDITION] - 6.8999999999999995
2023-03-20 22:05:12.789 [main] INFO  calculator.Calculator - [ADDITION] - 3.45672 TO 9.0
2023-03-20 22:05:12.793 [main] INFO  calculator.Calculator - [RESULT - ADDITION] - 12.45672
2023-03-20 22:05:12.806 [main] INFO  calculator.Calculator - [ADDITION] - 4.0 TO 2.3221
2023-03-20 22:05:12.816 [main] INFO  calculator.Calculator - [RESULT - ADDITION] - 6.3221
2023-03-20 22:05:12.817 [main] INFO  calculator.Calculator - [ADDITION] - 3.0 TO 9.0
2023-03-20 22:05:12.834 [main] INFO  calculator.Calculator - [RESULT - ADDITION] - 12.0
2023-03-20 22:05:12.838 [main] INFO  calculator.Calculator - [SUBTRACTION] - 4.0 FROM 78.3221
2023-03-20 22:05:12.839 [main] INFO  calculator.Calculator - [RESULT - SUBTRACTION] - 74.3221
2023-03-20 22:05:12.840 [main] INFO  calculator.Calculator - [SUBTRACTION] - 1.0 FROM 9.0
2023-03-20 22:05:12.842 [main] INFO  calculator.Calculator - [RESULT - SUBTRACTION] - 8.0
2023-03-20 22:05:12.852 [main] INFO  calculator.Calculator - [SUBTRACTION] - 0.678 FROM 2.34
2023-03-20 22:05:12.855 [main] INFO  calculator.Calculator - [RESULT - SUBTRACTION] - 1.662
2023-03-20 22:05:12.856 [main] INFO  calculator.Calculator - [SUBTRACTION] - 3.45672 FROM 9.0
2023-03-20 22:05:12.857 [main] INFO  calculator.Calculator - [RESULT - SUBTRACTION] - 5.54328
2023-03-20 22:10:26.774 [main] INFO  calculator.Calculator - [ADDITION] - 4.56 TO 2.34
2023-03-20 22:10:26.783 [main] INFO  calculator.Calculator - [RESULT - ADDITION] - 6.8999999999999995
2023-03-20 22:10:26.784 [main] INFO  calculator.Calculator - [ADDITION] - 3.45672 TO 9.0
2023-03-20 22:10:26.787 [main] INFO  calculator.Calculator - [RESULT - ADDITION] - 12.45672
2023-03-20 22:10:26.800 [main] INFO  calculator.Calculator - [ADDITION] - 4.0 TO 2.3221
2023-03-20 22:10:26.807 [main] INFO  calculator.Calculator - [RESULT - ADDITION] - 6.3221
2023-03-20 22:10:26.808 [main] INFO  calculator.Calculator - [ADDITION] - 3.0 TO 9.0
2023-03-20 22:10:26.809 [main] INFO  calculator.Calculator - [RESULT - ADDITION] - 12.0
2023-03-20 22:10:26.818 [main] INFO  calculator.Calculator - [SUBTRACTION] - 4.0 FROM 78.3221
2023-03-20 22:10:26.820 [main] INFO  calculator.Calculator - [RESULT - SUBTRACTION] - 74.3221
2023-03-20 22:10:26.824 [main] INFO  calculator.Calculator - [SUBTRACTION] - 1.0 FROM 9.0
2023-03-20 22:10:26.831 [main] INFO  calculator.Calculator - [RESULT - SUBTRACTION] - 8.0
2023-03-20 22:10:26.845 [main] INFO  calculator.Calculator - [SUBTRACTION] - 0.678 FROM 2.34
2023-03-20 22:10:26.853 [main] INFO  calculator.Calculator - [RESULT - SUBTRACTION] - 1.662
2023-03-20 22:10:26.861 [main] INFO  calculator.Calculator - [SUBTRACTION] - 3.45672 FROM 9.0
2023-03-20 22:10:26.866 [main] INFO  calculator.Calculator - [RESULT - SUBTRACTION] - 5.54328
2023-03-20 22:13:14.547 [main] INFO  calculator.Calculator - [ADDITION] - 4.56 TO 2.34
2023-03-20 22:13:14.566 [main] INFO  calculator.Calculator - [RESULT - ADDITION] - 6.8999999999999995
2023-03-20 22:13:14.573 [main] INFO  calculator.Calculator - [ADDITION] - 3.45672 TO 9.0
2023-03-20 22:13:14.578 [main] INFO  calculator.Calculator - [RESULT - ADDITION] - 12.45672
2023-03-20 22:13:14.608 [main] INFO  calculator.Calculator - [ADDITION] - 4.0 TO 2.3221
2023-03-20 22:13:14.626 [main] INFO  calculator.Calculator - [RESULT - ADDITION] - 6.3221
2023-03-20 22:13:14.627 [main] INFO  calculator.Calculator - [ADDITION] - 3.0 TO 9.0
2023-03-20 22:13:14.628 [main] INFO  calculator.Calculator - [RESULT - ADDITION] - 12.0
2023-03-20 22:13:14.630 [main] INFO  calculator.Calculator - [SUBTRACTION] - 4.0 FROM 78.3221
2023-03-20 22:13:14.637 [main] INFO  calculator.Calculator - [RESULT - SUBTRACTION] - 74.3221
2023-03-20 22:13:14.640 [main] INFO  calculator.Calculator - [SUBTRACTION] - 1.0 FROM 9.0
2023-03-20 22:13:14.644 [main] INFO  calculator.Calculator - [RESULT - SUBTRACTION] - 8.0
2023-03-20 22:13:14.648 [main] INFO  calculator.Calculator - [SUBTRACTION] - 0.678 FROM 2.34
2023-03-20 22:13:14.652 [main] INFO  calculator.Calculator - [RESULT - SUBTRACTION] - 1.662
2023-03-20 22:13:14.653 [main] INFO  calculator.Calculator - [SUBTRACTION] - 3.45672 FROM 9.0
2023-03-20 22:13:14.653 [main] INFO  calculator.Calculator - [RESULT - SUBTRACTION] - 5.54328
2023-03-20 22:14:34.311 [main] INFO  calculator.Calculator - [ADDITION] - 4.56 TO 2.34
2023-03-20 22:14:34.334 [main] INFO  calculator.Calculator - [RESULT - ADDITION] - 6.8999999999999995
2023-03-20 22:14:34.341 [main] INFO  calculator.Calculator - [ADDITION] - 3.45672 TO 9.0
2023-03-20 22:14:34.343 [main] INFO  calculator.Calculator - [RESULT - ADDITION] - 12.45672
2023-03-20 22:14:34.363 [main] INFO  calculator.Calculator - [ADDITION] - 4.0 TO 2.3221
2023-03-20 22:14:34.372 [main] INFO  calculator.Calculator - [RESULT - ADDITION] - 6.3221
2023-03-20 22:14:34.373 [main] INFO  calculator.Calculator - [ADDITION] - 3.0 TO 9.0
2023-03-20 22:14:34.374 [main] INFO  calculator.Calculator - [RESULT - ADDITION] - 12.0
2023-03-20 22:14:34.378 [main] INFO  calculator.Calculator - [SUBTRACTION] - 4.0 FROM 78.3221
2023-03-20 22:14:34.380 [main] INFO  calculator.Calculator - [RESULT - SUBTRACTION] - 74.3221
2023-03-20 22:14:34.381 [main] INFO  calculator.Calculator - [SUBTRACTION] - 1.0 FROM 9.0
2023-03-20 22:14:34.386 [main] INFO  calculator.Calculator - [RESULT - SUBTRACTION] - 8.0
2023-03-20 22:14:34.391 [main] INFO  calculator.Calculator - [SUBTRACTION] - 0.678 FROM 2.34
2023-03-20 22:14:34.392 [main] INFO  calculator.Calculator - [RESULT - SUBTRACTION] - 1.662
2023-03-20 22:14:34.393 [main] INFO  calculator.Calculator - [SUBTRACTION] - 3.45672 FROM 9.0
2023-03-20 22:14:34.393 [main] INFO  calculator.Calculator - [RESULT - SUBTRACTION] - 5.54328
2023-03-20 22:18:40.146 [main] INFO  calculator.Calculator - [ADDITION] - 4.56 TO 2.34
2023-03-20 22:18:40.170 [main] INFO  calculator.Calculator - [RESULT - ADDITION] - 6.8999999999999995
2023-03-20 22:18:40.171 [main] INFO  calculator.Calculator - [ADDITION] - 3.45672 TO 9.0
2023-03-20 22:18:40.172 [main] INFO  calculator.Calculator - [RESULT - ADDITION] - 12.45672
2023-03-20 22:18:40.193 [main] INFO  calculator.Calculator - [ADDITION] - 4.0 TO 2.3221
2023-03-20 22:18:40.200 [main] INFO  calculator.Calculator - [RESULT - ADDITION] - 6.3221
2023-03-20 22:18:40.201 [main] INFO  calculator.Calculator - [ADDITION] - 3.0 TO 9.0
2023-03-20 22:18:40.202 [main] INFO  calculator.Calculator - [RESULT - ADDITION] - 12.0
2023-03-20 22:18:40.205 [main] INFO  calculator.Calculator - [SUBTRACTION] - 4.0 FROM 78.3221
2023-03-20 22:18:40.210 [main] INFO  calculator.Calculator - [RESULT - SUBTRACTION] - 74.3221
2023-03-20 22:18:40.211 [main] INFO  calculator.Calculator - [SUBTRACTION] - 1.0 FROM 9.0
2023-03-20 22:18:40.218 [main] INFO  calculator.Calculator - [RESULT - SUBTRACTION] - 8.0
2023-03-20 22:18:40.222 [main] INFO  calculator.Calculator - [SUBTRACTION] - 0.678 FROM 2.34
2023-03-20 22:18:40.222 [main] INFO  calculator.Calculator - [RESULT - SUBTRACTION] - 1.662
2023-03-20 22:18:40.224 [main] INFO  calculator.Calculator - [SUBTRACTION] - 3.45672 FROM 9.0
2023-03-20 22:18:40.225 [main] INFO  calculator.Calculator - [RESULT - SUBTRACTION] - 5.54328
2023-03-20 22:19:36.869 [main] INFO  calculator.Calculator - [SUBTRACTION] - 2.90909 FROM 4.667
2023-03-20 22:19:36.891 [main] INFO  calculator.Calculator - [RESULT - SUBTRACTION] - 1.7579099999999999
2023-03-20 22:19:46.112 [main] INFO  calculator.Calculator - [SUBTRACTION] - 7.09876 FROM 3.667
2023-03-20 22:19:46.114 [main] INFO  calculator.Calculator - [RESULT - SUBTRACTION] - -3.4317600000000006
2023-03-20 22:21:32.736 [main] INFO  calculator.Calculator - [ADDITION] - 4.56 TO 2.34
2023-03-20 22:21:32.764 [main] INFO  calculator.Calculator - [RESULT - ADDITION] - 6.8999999999999995
2023-03-20 22:21:32.765 [main] INFO  calculator.Calculator - [ADDITION] - 3.45672 TO 9.0
2023-03-20 22:21:32.767 [main] INFO  calculator.Calculator - [RESULT - ADDITION] - 12.45672
2023-03-20 22:21:32.772 [main] INFO  calculator.Calculator - [ADDITION] - 4.0 TO 2.3221
2023-03-20 22:21:32.781 [main] INFO  calculator.Calculator - [RESULT - ADDITION] - 6.3221
2023-03-20 22:21:32.783 [main] INFO  calculator.Calculator - [ADDITION] - 3.0 TO 9.0
2023-03-20 22:21:32.786 [main] INFO  calculator.Calculator - [RESULT - ADDITION] - 12.0
2023-03-20 22:21:32.799 [main] INFO  calculator.Calculator - [SUBTRACTION] - 4.0 FROM 78.3221
2023-03-20 22:21:32.801 [main] INFO  calculator.Calculator - [RESULT - SUBTRACTION] - 74.3221
2023-03-20 22:21:32.802 [main] INFO  calculator.Calculator - [SUBTRACTION] - 1.0 FROM 9.0
2023-03-20 22:21:32.803 [main] INFO  calculator.Calculator - [RESULT - SUBTRACTION] - 8.0
2023-03-20 22:21:32.805 [main] INFO  calculator.Calculator - [SUBTRACTION] - 0.678 FROM 2.34
2023-03-20 22:21:32.806 [main] INFO  calculator.Calculator - [RESULT - SUBTRACTION] - 1.662
2023-03-20 22:21:32.807 [main] INFO  calculator.Calculator - [SUBTRACTION] - 3.45672 FROM 9.0
2023-03-20 22:21:32.808 [main] INFO  calculator.Calculator - [RESULT - SUBTRACTION] - 5.54328
2023-03-20 23:25:25.929 [main] INFO  calculator.Calculator - [ADDITION] - 4.56 TO 2.34
2023-03-20 23:25:25.955 [main] INFO  calculator.Calculator - [RESULT - ADDITION] - 6.8999999999999995
2023-03-20 23:25:25.956 [main] INFO  calculator.Calculator - [ADDITION] - 3.45672 TO 9.0
2023-03-20 23:25:25.959 [main] INFO  calculator.Calculator - [RESULT - ADDITION] - 12.45672
2023-03-20 23:25:25.971 [main] INFO  calculator.Calculator - [ADDITION] - 4.0 TO 2.3221
2023-03-20 23:25:25.974 [main] INFO  calculator.Calculator - [RESULT - ADDITION] - 6.3221
2023-03-20 23:25:25.975 [main] INFO  calculator.Calculator - [ADDITION] - 3.0 TO 9.0
2023-03-20 23:25:25.980 [main] INFO  calculator.Calculator - [RESULT - ADDITION] - 12.0
2023-03-20 23:25:25.982 [main] INFO  calculator.Calculator - [SUBTRACTION] - 4.0 FROM 78.3221
2023-03-20 23:25:25.983 [main] INFO  calculator.Calculator - [RESULT - SUBTRACTION] - 74.3221
2023-03-20 23:25:25.983 [main] INFO  calculator.Calculator - [SUBTRACTION] - 1.0 FROM 9.0
2023-03-20 23:25:25.984 [main] INFO  calculator.Calculator - [RESULT - SUBTRACTION] - 8.0
2023-03-20 23:25:25.986 [main] INFO  calculator.Calculator - [SUBTRACTION] - 0.678 FROM 2.34
2023-03-20 23:25:25.989 [main] INFO  calculator.Calculator - [RESULT - SUBTRACTION] - 1.662
2023-03-20 23:25:26.047 [main] INFO  calculator.Calculator - [SUBTRACTION] - 4.0 FROM 78.3221
2023-03-20 23:25:26.048 [main] INFO  calculator.Calculator - [RESULT - SUBTRACTION] - 74.3221
2023-03-20 23:25:26.049 [main] INFO  calculator.Calculator - [SUBTRACTION] - 1.0 FROM 9.0
2023-03-20 23:25:26.051 [main] INFO  calculator.Calculator - [RESULT - SUBTRACTION] - 8.0
2023-03-20 23:25:26.057 [main] INFO  calculator.Calculator - [SUBTRACTION] - 0.678 FROM 2.34
2023-03-20 23:25:26.058 [main] INFO  calculator.Calculator - [RESULT - SUBTRACTION] - 1.662
2023-03-20 23:25:26.060 [main] INFO  calculator.Calculator - [SUBTRACTION] - 3.45672 FROM 9.0
2023-03-20 23:25:26.061 [main] INFO  calculator.Calculator - [RESULT - SUBTRACTION] - 5.54328
2023-03-20 23:26:27.112 [main] INFO  calculator.Calculator - [ADDITION] - 4.56 TO 2.34
2023-03-20 23:26:27.125 [main] INFO  calculator.Calculator - [RESULT - ADDITION] - 6.8999999999999995
2023-03-20 23:26:27.126 [main] INFO  calculator.Calculator - [ADDITION] - 3.45672 TO 9.0
2023-03-20 23:26:27.128 [main] INFO  calculator.Calculator - [RESULT - ADDITION] - 12.45672
2023-03-20 23:26:27.131 [main] INFO  calculator.Calculator - [ADDITION] - 4.0 TO 2.3221
2023-03-20 23:26:27.153 [main] INFO  calculator.Calculator - [RESULT - ADDITION] - 6.3221
2023-03-20 23:26:27.156 [main] INFO  calculator.Calculator - [ADDITION] - 3.0 TO 9.0
2023-03-20 23:26:27.158 [main] INFO  calculator.Calculator - [RESULT - ADDITION] - 12.0
2023-03-20 23:26:27.171 [main] INFO  calculator.Calculator - [SUBTRACTION] - 4.0 FROM 78.3221
2023-03-20 23:26:27.174 [main] INFO  calculator.Calculator - [RESULT - SUBTRACTION] - 74.3221
2023-03-20 23:26:27.176 [main] INFO  calculator.Calculator - [SUBTRACTION] - 1.0 FROM 9.0
2023-03-20 23:26:27.178 [main] INFO  calculator.Calculator - [RESULT - SUBTRACTION] - 8.0
2023-03-20 23:26:27.181 [main] INFO  calculator.Calculator - [MULTIPLICATION] - 0.678 FROM 2.34
2023-03-20 23:26:27.182 [main] INFO  calculator.Calculator - [RESULT - MULTIPLICATION] - 1.58652
2023-03-20 23:26:27.185 [main] INFO  calculator.Calculator - [MULTIPLICATION] - 0.0 FROM 9.87
2023-03-20 23:26:27.186 [main] INFO  calculator.Calculator - [RESULT - MULTIPLICATION] - 0.0
2023-03-20 23:26:27.202 [main] INFO  calculator.Calculator - [MULTIPLICATION] - 4.0 FROM 78.3221
2023-03-20 23:26:27.203 [main] INFO  calculator.Calculator - [RESULT - MULTIPLICATION] - 313.2884
2023-03-20 23:26:27.206 [main] INFO  calculator.Calculator - [MULTIPLICATION] - 1.0 FROM 9.0
2023-03-20 23:26:27.207 [main] INFO  calculator.Calculator - [RESULT - MULTIPLICATION] - 9.0
2023-03-20 23:26:27.210 [main] INFO  calculator.Calculator - [SUBTRACTION] - 0.678 FROM 2.34
2023-03-20 23:26:27.212 [main] INFO  calculator.Calculator - [RESULT - SUBTRACTION] - 1.662
2023-03-20 23:26:27.213 [main] INFO  calculator.Calculator - [SUBTRACTION] - 3.45672 FROM 9.0
2023-03-20 23:26:27.214 [main] INFO  calculator.Calculator - [RESULT - SUBTRACTION] - 5.54328
2023-03-20 23:27:22.680 [main] INFO  calculator.Calculator - [ADDITION] - 4.56 TO 2.34
2023-03-20 23:27:22.695 [main] INFO  calculator.Calculator - [RESULT - ADDITION] - 6.8999999999999995
2023-03-20 23:27:22.706 [main] INFO  calculator.Calculator - [ADDITION] - 3.45672 TO 9.0
2023-03-20 23:27:22.708 [main] INFO  calculator.Calculator - [RESULT - ADDITION] - 12.45672
2023-03-20 23:27:22.721 [main] INFO  calculator.Calculator - [ADDITION] - 4.0 TO 2.3221
2023-03-20 23:27:22.730 [main] INFO  calculator.Calculator - [RESULT - ADDITION] - 6.3221
2023-03-20 23:27:22.731 [main] INFO  calculator.Calculator - [ADDITION] - 3.0 TO 9.0
2023-03-20 23:27:22.732 [main] INFO  calculator.Calculator - [RESULT - ADDITION] - 12.0
2023-03-20 23:27:22.739 [main] INFO  calculator.Calculator - [SUBTRACTION] - 4.0 FROM 78.3221
2023-03-20 23:27:22.748 [main] INFO  calculator.Calculator - [RESULT - SUBTRACTION] - 74.3221
2023-03-20 23:27:22.749 [main] INFO  calculator.Calculator - [SUBTRACTION] - 1.0 FROM 9.0
2023-03-20 23:27:22.750 [main] INFO  calculator.Calculator - [RESULT - SUBTRACTION] - 8.0
2023-03-20 23:27:22.757 [main] INFO  calculator.Calculator - [MULTIPLICATION] - 0.678 TO 2.34
2023-03-20 23:27:22.772 [main] INFO  calculator.Calculator - [RESULT - MULTIPLICATION] - 1.58652
2023-03-20 23:27:22.775 [main] INFO  calculator.Calculator - [MULTIPLICATION] - 0.0 TO 9.87
2023-03-20 23:27:22.775 [main] INFO  calculator.Calculator - [RESULT - MULTIPLICATION] - 0.0
2023-03-20 23:27:22.783 [main] INFO  calculator.Calculator - [MULTIPLICATION] - 4.0 TO 78.3221
2023-03-20 23:27:22.792 [main] INFO  calculator.Calculator - [RESULT - MULTIPLICATION] - 313.2884
2023-03-20 23:27:22.793 [main] INFO  calculator.Calculator - [MULTIPLICATION] - 1.0 TO 9.0
2023-03-20 23:27:22.795 [main] INFO  calculator.Calculator - [RESULT - MULTIPLICATION] - 9.0
2023-03-20 23:27:22.799 [main] INFO  calculator.Calculator - [SUBTRACTION] - 0.678 FROM 2.34
2023-03-20 23:27:22.800 [main] INFO  calculator.Calculator - [RESULT - SUBTRACTION] - 1.662
2023-03-20 23:27:22.806 [main] INFO  calculator.Calculator - [SUBTRACTION] - 3.45672 FROM 9.0
2023-03-20 23:27:22.808 [main] INFO  calculator.Calculator - [RESULT - SUBTRACTION] - 5.54328
2023-03-20 23:40:00.737 [main] INFO  calculator.Calculator - [ADDITION] - 4.56 TO 2.34
2023-03-20 23:40:00.754 [main] INFO  calculator.Calculator - [RESULT - ADDITION] - 6.8999999999999995
2023-03-20 23:40:00.757 [main] INFO  calculator.Calculator - [ADDITION] - 3.45672 TO 9.0
2023-03-20 23:40:00.763 [main] INFO  calculator.Calculator - [RESULT - ADDITION] - 12.45672
2023-03-20 23:40:00.778 [main] INFO  calculator.Calculator - [ADDITION] - 4.0 TO 2.3221
2023-03-20 23:40:00.783 [main] INFO  calculator.Calculator - [RESULT - ADDITION] - 6.3221
2023-03-20 23:40:00.792 [main] INFO  calculator.Calculator - [ADDITION] - 3.0 TO 9.0
2023-03-20 23:40:00.794 [main] INFO  calculator.Calculator - [RESULT - ADDITION] - 12.0
2023-03-20 23:40:00.799 [main] INFO  calculator.Calculator - [SUBTRACTION] - 4.0 FROM 78.3221
2023-03-20 23:40:00.801 [main] INFO  calculator.Calculator - [RESULT - SUBTRACTION] - 74.3221
2023-03-20 23:40:00.815 [main] INFO  calculator.Calculator - [SUBTRACTION] - 1.0 FROM 9.0
2023-03-20 23:40:00.818 [main] INFO  calculator.Calculator - [RESULT - SUBTRACTION] - 8.0
2023-03-20 23:40:00.823 [main] INFO  calculator.Calculator - [MULTIPLICATION] - 0.678 TO 2.34
2023-03-20 23:40:00.828 [main] INFO  calculator.Calculator - [RESULT - MULTIPLICATION] - 1.58652
2023-03-20 23:40:00.834 [main] INFO  calculator.Calculator - [MULTIPLICATION] - 0.0 TO 9.87
2023-03-20 23:40:00.834 [main] INFO  calculator.Calculator - [RESULT - MULTIPLICATION] - 0.0
2023-03-20 23:40:00.848 [main] INFO  calculator.Calculator - [MULTIPLICATION] - 4.0 TO 78.3221
2023-03-20 23:40:00.854 [main] INFO  calculator.Calculator - [RESULT - MULTIPLICATION] - 313.2884
2023-03-20 23:40:00.855 [main] INFO  calculator.Calculator - [MULTIPLICATION] - 1.0 TO 9.0
2023-03-20 23:40:00.857 [main] INFO  calculator.Calculator - [RESULT - MULTIPLICATION] - 9.0
2023-03-20 23:40:00.862 [main] INFO  calculator.Calculator - [SUBTRACTION] - 0.678 FROM 2.34
2023-03-20 23:40:00.864 [main] INFO  calculator.Calculator - [RESULT - SUBTRACTION] - 1.662
2023-03-20 23:40:00.865 [main] INFO  calculator.Calculator - [SUBTRACTION] - 3.45672 FROM 9.0
2023-03-20 23:40:00.865 [main] INFO  calculator.Calculator - [RESULT - SUBTRACTION] - 5.54328
2023-03-20 23:47:02.656 [main] INFO  calculator.Calculator - [ADDITION] - 4.56 TO 2.34
2023-03-20 23:47:02.668 [main] INFO  calculator.Calculator - [RESULT - ADDITION] - 6.8999999999999995
2023-03-20 23:47:02.669 [main] INFO  calculator.Calculator - [ADDITION] - 3.45672 TO 9.0
2023-03-20 23:47:02.682 [main] INFO  calculator.Calculator - [RESULT - ADDITION] - 12.45672
2023-03-20 23:47:02.685 [main] INFO  calculator.Calculator - [ADDITION] - 4.0 TO 2.3221
2023-03-20 23:47:02.697 [main] INFO  calculator.Calculator - [RESULT - ADDITION] - 6.3221
2023-03-20 23:47:02.698 [main] INFO  calculator.Calculator - [ADDITION] - 3.0 TO 9.0
2023-03-20 23:47:02.702 [main] INFO  calculator.Calculator - [RESULT - ADDITION] - 12.0
2023-03-20 23:47:02.705 [main] INFO  calculator.Calculator - [SUBTRACTION] - 4.0 FROM 78.3221
2023-03-20 23:47:02.708 [main] INFO  calculator.Calculator - [RESULT - SUBTRACTION] - 74.3221
2023-03-20 23:47:02.714 [main] INFO  calculator.Calculator - [SUBTRACTION] - 1.0 FROM 9.0
2023-03-20 23:47:02.715 [main] INFO  calculator.Calculator - [RESULT - SUBTRACTION] - 8.0
2023-03-20 23:47:02.727 [main] INFO  calculator.Calculator - [MULTIPLICATION] - 0.678 TO 2.34
2023-03-20 23:47:02.736 [main] INFO  calculator.Calculator - [RESULT - MULTIPLICATION] - 1.58652
2023-03-20 23:47:02.744 [main] INFO  calculator.Calculator - [MULTIPLICATION] - 0.0 TO 9.87
2023-03-20 23:47:02.754 [main] INFO  calculator.Calculator - [RESULT - MULTIPLICATION] - 0.0
2023-03-20 23:47:02.772 [main] INFO  calculator.Calculator - [MULTIPLICATION] - 4.0 TO 78.3221
2023-03-20 23:47:02.772 [main] INFO  calculator.Calculator - [RESULT - MULTIPLICATION] - 313.2884
2023-03-20 23:47:02.773 [main] INFO  calculator.Calculator - [MULTIPLICATION] - 1.0 TO 9.0
2023-03-20 23:47:02.773 [main] INFO  calculator.Calculator - [RESULT - MULTIPLICATION] - 9.0
2023-03-20 23:47:02.776 [main] INFO  calculator.Calculator - [DIVISION] - 0.678 BY 2.34
2023-03-20 23:47:02.776 [main] INFO  calculator.Calculator - [RESULT - DIVISION] - 3.451327433628318
2023-03-20 23:47:02.806 [main] INFO  calculator.Calculator - [DIVISION] - 4.0 BY 78.3221
2023-03-20 23:47:02.807 [main] INFO  calculator.Calculator - [RESULT - DIVISION] - 19.580525
2023-03-20 23:47:02.814 [main] INFO  calculator.Calculator - [DIVISION] - 1.0 BY 9.0
2023-03-20 23:47:02.819 [main] INFO  calculator.Calculator - [RESULT - DIVISION] - 9.0
2023-03-20 23:47:02.835 [main] INFO  calculator.Calculator - [SUBTRACTION] - 0.678 FROM 2.34
2023-03-20 23:47:02.840 [main] INFO  calculator.Calculator - [RESULT - SUBTRACTION] - 1.662
2023-03-20 23:47:02.843 [main] INFO  calculator.Calculator - [SUBTRACTION] - 3.45672 FROM 9.0
2023-03-20 23:47:02.844 [main] INFO  calculator.Calculator - [RESULT - SUBTRACTION] - 5.54328
2023-03-20 23:48:01.204 [main] INFO  calculator.Calculator - [ADDITION] - 4.56 TO 2.34
2023-03-20 23:48:01.237 [main] INFO  calculator.Calculator - [RESULT - ADDITION] - 6.8999999999999995
2023-03-20 23:48:01.274 [main] INFO  calculator.Calculator - [ADDITION] - 3.45672 TO 9.0
2023-03-20 23:48:01.277 [main] INFO  calculator.Calculator - [RESULT - ADDITION] - 12.45672
2023-03-20 23:48:01.281 [main] INFO  calculator.Calculator - [ADDITION] - 4.0 TO 2.3221
2023-03-20 23:48:01.288 [main] INFO  calculator.Calculator - [RESULT - ADDITION] - 6.3221
2023-03-20 23:48:01.294 [main] INFO  calculator.Calculator - [ADDITION] - 3.0 TO 9.0
2023-03-20 23:48:01.296 [main] INFO  calculator.Calculator - [RESULT - ADDITION] - 12.0
2023-03-20 23:48:01.304 [main] INFO  calculator.Calculator - [SUBTRACTION] - 4.0 FROM 78.3221
2023-03-20 23:48:01.320 [main] INFO  calculator.Calculator - [RESULT - SUBTRACTION] - 74.3221
2023-03-20 23:48:01.321 [main] INFO  calculator.Calculator - [SUBTRACTION] - 1.0 FROM 9.0
2023-03-20 23:48:01.326 [main] INFO  calculator.Calculator - [RESULT - SUBTRACTION] - 8.0
2023-03-20 23:48:01.334 [main] INFO  calculator.Calculator - [MULTIPLICATION] - 0.678 TO 2.34
2023-03-20 23:48:01.335 [main] INFO  calculator.Calculator - [RESULT - MULTIPLICATION] - 1.58652
2023-03-20 23:48:01.338 [main] INFO  calculator.Calculator - [MULTIPLICATION] - 0.0 TO 9.87
2023-03-20 23:48:01.340 [main] INFO  calculator.Calculator - [RESULT - MULTIPLICATION] - 0.0
2023-03-20 23:48:01.369 [main] INFO  calculator.Calculator - [MULTIPLICATION] - 4.0 TO 78.3221
2023-03-20 23:48:01.370 [main] INFO  calculator.Calculator - [RESULT - MULTIPLICATION] - 313.2884
2023-03-20 23:48:01.376 [main] INFO  calculator.Calculator - [MULTIPLICATION] - 1.0 TO 9.0
2023-03-20 23:48:01.376 [main] INFO  calculator.Calculator - [RESULT - MULTIPLICATION] - 9.0
2023-03-20 23:48:01.379 [main] INFO  calculator.Calculator - [DIVISION] - 0.678 BY 2.34
2023-03-20 23:48:01.380 [main] INFO  calculator.Calculator - [RESULT - DIVISION] - 3.451327433628318
2023-03-20 23:48:01.391 [main] INFO  calculator.Calculator - [DIVISION] - 1.0 BY 9.87
2023-03-20 23:48:01.392 [main] INFO  calculator.Calculator - [RESULT - DIVISION] - 9.87
2023-03-20 23:48:01.395 [main] INFO  calculator.Calculator - [DIVISION] - 4.0 BY 78.3221
2023-03-20 23:48:01.396 [main] INFO  calculator.Calculator - [RESULT - DIVISION] - 19.580525
2023-03-20 23:48:01.397 [main] INFO  calculator.Calculator - [DIVISION] - 1.0 BY 9.0
2023-03-20 23:48:01.406 [main] INFO  calculator.Calculator - [RESULT - DIVISION] - 9.0
2023-03-20 23:48:01.407 [main] INFO  calculator.Calculator - [SUBTRACTION] - 0.678 FROM 2.34
2023-03-20 23:48:01.408 [main] INFO  calculator.Calculator - [RESULT - SUBTRACTION] - 1.662
2023-03-20 23:48:01.408 [main] INFO  calculator.Calculator - [SUBTRACTION] - 3.45672 FROM 9.0
2023-03-20 23:48:01.409 [main] INFO  calculator.Calculator - [RESULT - SUBTRACTION] - 5.54328
2023-03-21 00:01:47.861 [main] INFO  calculator.Calculator - [ADDITION] - 4.56 TO 2.34
2023-03-21 00:01:47.880 [main] INFO  calculator.Calculator - [RESULT - ADDITION] - 6.8999999999999995
2023-03-21 00:01:47.881 [main] INFO  calculator.Calculator - [ADDITION] - 3.45672 TO 9.0
2023-03-21 00:01:47.884 [main] INFO  calculator.Calculator - [RESULT - ADDITION] - 12.45672
2023-03-21 00:01:47.888 [main] INFO  calculator.Calculator - [ADDITION] - 4.0 TO 2.3221
2023-03-21 00:01:47.892 [main] INFO  calculator.Calculator - [RESULT - ADDITION] - 6.3221
2023-03-21 00:01:47.893 [main] INFO  calculator.Calculator - [ADDITION] - 3.0 TO 9.0
2023-03-21 00:01:47.894 [main] INFO  calculator.Calculator - [RESULT - ADDITION] - 12.0
2023-03-21 00:01:47.896 [main] INFO  calculator.Calculator - [SUBTRACTION] - 4.0 FROM 78.3221
2023-03-21 00:01:47.897 [main] INFO  calculator.Calculator - [RESULT - SUBTRACTION] - 74.3221
2023-03-21 00:01:47.898 [main] INFO  calculator.Calculator - [SUBTRACTION] - 1.0 FROM 9.0
2023-03-21 00:01:47.899 [main] INFO  calculator.Calculator - [RESULT - SUBTRACTION] - 8.0
2023-03-21 00:01:47.901 [main] INFO  calculator.Calculator - [MULTIPLICATION] - 0.678 TO 2.34
2023-03-21 00:01:47.902 [main] INFO  calculator.Calculator - [RESULT - MULTIPLICATION] - 1.58652
2023-03-21 00:01:47.915 [main] INFO  calculator.Calculator - [MULTIPLICATION] - 0.0 TO 9.87
2023-03-21 00:01:47.916 [main] INFO  calculator.Calculator - [RESULT - MULTIPLICATION] - 0.0
2023-03-21 00:01:47.923 [main] INFO  calculator.Calculator - [MULTIPLICATION] - 4.0 TO 78.3221
2023-03-21 00:01:47.925 [main] INFO  calculator.Calculator - [RESULT - MULTIPLICATION] - 313.2884
2023-03-21 00:01:47.925 [main] INFO  calculator.Calculator - [MULTIPLICATION] - 1.0 TO 9.0
2023-03-21 00:01:47.928 [main] INFO  calculator.Calculator - [RESULT - MULTIPLICATION] - 9.0
2023-03-21 00:01:47.936 [main] INFO  calculator.Calculator - [DIVISION] - 0.678 BY 2.34
2023-03-21 00:01:47.938 [main] INFO  calculator.Calculator - [RESULT - DIVISION] - 3.451327433628318
2023-03-21 00:01:47.941 [main] INFO  calculator.Calculator - [DIVISION] - 1.0 BY 9.87
2023-03-21 00:01:47.947 [main] INFO  calculator.Calculator - [RESULT - DIVISION] - 9.87
2023-03-21 00:01:47.950 [main] INFO  calculator.Calculator - [DIVISION] - 4.0 BY 78.3221
2023-03-21 00:01:47.959 [main] INFO  calculator.Calculator - [RESULT - DIVISION] - 19.580525
2023-03-21 00:01:47.960 [main] INFO  calculator.Calculator - [DIVISION] - 1.0 BY 9.0
2023-03-21 00:01:47.963 [main] INFO  calculator.Calculator - [RESULT - DIVISION] - 9.0
2023-03-21 00:01:47.975 [main] INFO  calculator.Calculator - [SUBTRACTION] - 0.678 FROM 2.34
2023-03-21 00:01:47.976 [main] INFO  calculator.Calculator - [RESULT - SUBTRACTION] - 1.662
2023-03-21 00:01:47.980 [main] INFO  calculator.Calculator - [SUBTRACTION] - 3.45672 FROM 9.0
2023-03-21 00:01:47.981 [main] INFO  calculator.Calculator - [RESULT - SUBTRACTION] - 5.54328
2023-03-21 14:58:52.318 [main] INFO  calculator.Calculator - [FACTORIAL] - 5.0
2023-03-21 14:58:52.323 [main] INFO  calculator.Calculator - [RESULT - FACTORIAL] - 120.0
2023-03-21 14:58:52.325 [main] INFO  calculator.Calculator - [FACTORIAL] - 6.0
2023-03-21 14:58:52.325 [main] INFO  calculator.Calculator - [RESULT - FACTORIAL] - 720.0
2023-03-21 14:58:52.336 [main] INFO  calculator.Calculator - [FACTORIAL] - 4.0
2023-03-21 14:58:52.338 [main] INFO  calculator.Calculator - [RESULT - FACTORIAL] - 24.0
2023-03-21 14:58:52.347 [main] INFO  calculator.Calculator - [FACTORIAL] - 2.0
2023-03-21 14:58:52.351 [main] INFO  calculator.Calculator - [RESULT - FACTORIAL] - 2.0
2023-03-21 14:58:52.351 [main] INFO  calculator.Calculator - [FACTORIAL] - 0.0
2023-03-21 14:58:52.352 [main] INFO  calculator.Calculator - [RESULT - FACTORIAL] - 1.0
2023-03-21 14:58:52.414 [main] INFO  calculator.Calculator - [ADDITION] - 4.56 TO 2.34
2023-03-21 14:58:52.417 [main] INFO  calculator.Calculator - [RESULT - ADDITION] - 6.8999999999999995
2023-03-21 14:58:52.418 [main] INFO  calculator.Calculator - [ADDITION] - 3.45672 TO 9.0
2023-03-21 14:58:52.436 [main] INFO  calculator.Calculator - [RESULT - ADDITION] - 12.45672
2023-03-21 14:58:52.438 [main] INFO  calculator.Calculator - [ADDITION] - 4.0 TO 2.3221
2023-03-21 14:58:52.440 [main] INFO  calculator.Calculator - [RESULT - ADDITION] - 6.3221
2023-03-21 14:58:52.440 [main] INFO  calculator.Calculator - [ADDITION] - 3.0 TO 9.0
2023-03-21 14:58:52.441 [main] INFO  calculator.Calculator - [RESULT - ADDITION] - 12.0
2023-03-21 14:58:52.445 [main] INFO  calculator.Calculator - [SUBTRACTION] - 4.0 FROM 78.3221
2023-03-21 14:58:52.447 [main] INFO  calculator.Calculator - [RESULT - SUBTRACTION] - 74.3221
2023-03-21 14:58:52.450 [main] INFO  calculator.Calculator - [SUBTRACTION] - 1.0 FROM 9.0
2023-03-21 14:58:52.460 [main] INFO  calculator.Calculator - [RESULT - SUBTRACTION] - 8.0
2023-03-21 14:58:52.480 [main] INFO  calculator.Calculator - [FACTORIAL] - 6.0
2023-03-21 14:58:52.491 [main] INFO  calculator.Calculator - [RESULT - FACTORIAL] - 720.0
2023-03-21 14:58:52.496 [main] INFO  calculator.Calculator - [FACTORIAL] - 1.0
2023-03-21 14:58:52.497 [main] INFO  calculator.Calculator - [RESULT - FACTORIAL] - 1.0
2023-03-21 14:58:52.498 [main] INFO  calculator.Calculator - [FACTORIAL] - 3.0
2023-03-21 14:58:52.499 [main] INFO  calculator.Calculator - [RESULT - FACTORIAL] - 6.0
2023-03-21 14:58:52.500 [main] INFO  calculator.Calculator - [FACTORIAL] - 4.0
2023-03-21 14:58:52.500 [main] INFO  calculator.Calculator - [RESULT - FACTORIAL] - 24.0
2023-03-21 14:58:52.501 [main] INFO  calculator.Calculator - [FACTORIAL] - 0.0
2023-03-21 14:58:52.502 [main] INFO  calculator.Calculator - [RESULT - FACTORIAL] - 1.0
2023-03-21 14:58:52.508 [main] INFO  calculator.Calculator - [MULTIPLICATION] - 0.678 TO 2.34
2023-03-21 14:58:52.512 [main] INFO  calculator.Calculator - [RESULT - MULTIPLICATION] - 1.58652
2023-03-21 14:58:52.513 [main] INFO  calculator.Calculator - [MULTIPLICATION] - 0.0 TO 9.87
2023-03-21 14:58:52.514 [main] INFO  calculator.Calculator - [RESULT - MULTIPLICATION] - 0.0
2023-03-21 14:58:52.516 [main] INFO  calculator.Calculator - [MULTIPLICATION] - 4.0 TO 78.3221
2023-03-21 14:58:52.522 [main] INFO  calculator.Calculator - [RESULT - MULTIPLICATION] - 313.2884
2023-03-21 14:58:52.523 [main] INFO  calculator.Calculator - [MULTIPLICATION] - 1.0 TO 9.0
2023-03-21 14:58:52.524 [main] INFO  calculator.Calculator - [RESULT - MULTIPLICATION] - 9.0
2023-03-21 14:58:52.531 [main] INFO  calculator.Calculator - [DIVISION] - 0.678 BY 2.34
2023-03-21 14:58:52.535 [main] INFO  calculator.Calculator - [RESULT - DIVISION] - 3.451327433628318
2023-03-21 14:58:52.538 [main] INFO  calculator.Calculator - [DIVISION] - 1.0 BY 9.87
2023-03-21 14:58:52.542 [main] INFO  calculator.Calculator - [RESULT - DIVISION] - 9.87
2023-03-21 14:58:52.551 [main] INFO  calculator.Calculator - [DIVISION] - 4.0 BY 78.3221
2023-03-21 14:58:52.552 [main] INFO  calculator.Calculator - [RESULT - DIVISION] - 19.580525
2023-03-21 14:58:52.552 [main] INFO  calculator.Calculator - [DIVISION] - 1.0 BY 9.0
2023-03-21 14:58:52.553 [main] INFO  calculator.Calculator - [RESULT - DIVISION] - 9.0
2023-03-21 14:58:52.557 [main] INFO  calculator.Calculator - [SUBTRACTION] - 0.678 FROM 2.34
2023-03-21 14:58:52.558 [main] INFO  calculator.Calculator - [RESULT - SUBTRACTION] - 1.662
2023-03-21 14:58:52.558 [main] INFO  calculator.Calculator - [SUBTRACTION] - 3.45672 FROM 9.0
2023-03-21 14:58:52.562 [main] INFO  calculator.Calculator - [RESULT - SUBTRACTION] - 5.54328
